Cache Capacity:4 and ttl: 2

Inserting: key 1 with value: 101
Inserting: key 2 with value: 201
Inserting: key 3 with value: 301
Inserting: key 4 with value: 400

Items in Cache:
***************
1->101, Exp:1.999844
2->201, Exp:1.999515
3->301, Exp:1.999545
4->400, Exp:1.999573
***************


After 1 second

Fetching value from cache with key 2: 201

Items in Cache:
***************
1->101, Exp:-1.007617
2->201, Exp:1.99815
3->301, Exp:-1.007566
4->400, Exp:-1.007548
***************


After 3 second

Inserting: key 5 with value: 500

Items in Cache:
***************
5->500, Exp:1.999948
***************


After 1 second

Inserting: key 6 with value: 600

Items in Cache:
***************
5->500, Exp:0.994295
6->600, Exp:1.999895
***************


After 1 second

Inserting: key 7 with value: 700

Items in Cache:
***************
6->600, Exp:0.996137
7->700, Exp:1.999938
***************


After 1 second

Inserting: key 8 with value: 800

Items in Cache:
***************
7->700, Exp:0.993956
8->800, Exp:1.999871
***************


After 1 second


Items in Cache:
***************
7->700, Exp:-0.00722
8->800, Exp:0.998698
***************


After 1 second

Inserting: key 1 with value: 10

Items in Cache:
***************
1->10, Exp:1.999948
***************

Inserting: key 11 with value: 10
Inserting: key 12 with value: 10

Items in Cache:
***************
1->10, Exp:1.999736
11->10, Exp:1.999904
12->10, Exp:1.999963
***************

Inserting: key 13 with value: 10
Inserting: key 14 with value: 10


**************************************************

		Cache is Full ATM
